This file contains any messages produced by compilers while
running configure, to aid debugging if configure makes a mistake.

It was created by tk configure 8.6, which was
generated by GNU Autoconf 2.59.  Invocation command line was

  $ ./configure 

## --------- ##
## Platform. ##
## --------- ##

hostname = adrien-MS-7A72
uname -m = x86_64
uname -r = 4.4.0-62-generic
uname -s = Linux
uname -v = #83-Ubuntu SMP Wed Jan 18 14:10:15 UTC 2017

/usr/bin/uname -p = unknown
/bin/uname -X     = unknown

/bin/arch              = unknown
/usr/bin/arch -k       = unknown
/usr/convex/getsysinfo = unknown
hostinfo               = unknown
/bin/machine           = unknown
/usr/bin/oslevel       = unknown
/bin/universe          = unknown

PATH: /usr/local/sbin
PATH: /usr/local/bin
PATH: /usr/sbin
PATH: /usr/bin
PATH: /sbin
PATH: /bin


## ----------- ##
## Core tests. ##
## ----------- ##

configure:1365: checking for Tcl configuration
configure:1469: result: found /windows/etudes/ECE/ING4/PPE/python/Q_learning/reinforcement_FollE/tcl8.6.6/unix/tclConfig.sh
configure:1475: checking for existence of /windows/etudes/ECE/ING4/PPE/python/Q_learning/reinforcement_FollE/tcl8.6.6/unix/tclConfig.sh
configure:1479: result: loading
configure:1560: checking for tclsh
configure:1584: result: /usr/local/bin/tclsh8.6
configure:1595: checking for tclsh in Tcl build directory
configure:1598: result: /windows/etudes/ECE/ING4/PPE/python/Q_learning/reinforcement_FollE/tcl8.6.6/unix/tclsh
configure:1622: checking whether to use symlinks for manpages
configure:1631: result: no
configure:1634: checking whether to compress the manpages
configure:1649: result: no
configure:1663: checking whether to add a package name suffix for the manpages
configure:1676: result: no
configure:1738: checking for gcc
configure:1754: found /usr/bin/gcc
configure:1764: result: gcc
configure:2008: checking for C compiler version
configure:2011: gcc --version </dev/null >&5
gcc (Ubuntu 5.4.0-6ubuntu1~16.04.4) 5.4.0 20160609
Copyright (C) 2015 Free Software Foundation, Inc.
This is free software; see the source for copying conditions.  There is NO
warranty; not even for MERCHANTABILITY or FITNESS FOR A PARTICULAR PURPOSE.

configure:2014: $? = 0
configure:2016: gcc -v </dev/null >&5
Using built-in specs.
COLLECT_GCC=gcc
COLLECT_LTO_WRAPPER=/usr/lib/gcc/x86_64-linux-gnu/5/lto-wrapper
Target: x86_64-linux-gnu
Configured with: ../src/configure -v --with-pkgversion='Ubuntu 5.4.0-6ubuntu1~16.04.4' --with-bugurl=file:///usr/share/doc/gcc-5/README.Bugs --enable-languages=c,ada,c++,java,go,d,fortran,objc,obj-c++ --prefix=/usr --program-suffix=-5 --enable-shared --enable-linker-build-id --libexecdir=/usr/lib --without-included-gettext --enable-threads=posix --libdir=/usr/lib --enable-nls --with-sysroot=/ --enable-clocale=gnu --enable-libstdcxx-debug --enable-libstdcxx-time=yes --with-default-libstdcxx-abi=new --enable-gnu-unique-object --disable-vtable-verify --enable-libmpx --enable-plugin --with-system-zlib --disable-browser-plugin --enable-java-awt=gtk --enable-gtk-cairo --with-java-home=/usr/lib/jvm/java-1.5.0-gcj-5-amd64/jre --enable-java-home --with-jvm-root-dir=/usr/lib/jvm/java-1.5.0-gcj-5-amd64 --with-jvm-jar-dir=/usr/lib/jvm-exports/java-1.5.0-gcj-5-amd64 --with-arch-directory=amd64 --with-ecj-jar=/usr/share/java/eclipse-ecj.jar --enable-objc-gc --enable-multiarch --disable-werror --with-arch-32=i686 --with-abi=m64 --with-multilib-list=m32,m64,mx32 --enable-multilib --with-tune=generic --enable-checking=release --build=x86_64-linux-gnu --host=x86_64-linux-gnu --target=x86_64-linux-gnu
Thread model: posix
gcc version 5.4.0 20160609 (Ubuntu 5.4.0-6ubuntu1~16.04.4) 
configure:2019: $? = 0
configure:2021: gcc -V </dev/null >&5
gcc: error: unrecognized command line option '-V'
gcc: fatal error: no input files
compilation terminated.
configure:2024: $? = 1
configure:2047: checking for C compiler default output file name
configure:2050: gcc    conftest.c  >&5
configure:2053: $? = 0
configure:2099: result: a.out
configure:2104: checking whether the C compiler works
configure:2110: ./a.out
configure:2113: $? = 0
configure:2130: result: yes
configure:2137: checking whether we are cross compiling
configure:2139: result: no
configure:2142: checking for suffix of executables
configure:2144: gcc -o conftest    conftest.c  >&5
configure:2147: $? = 0
configure:2172: result: 
configure:2178: checking for suffix of object files
configure:2199: gcc -c   conftest.c >&5
configure:2202: $? = 0
configure:2224: result: o
configure:2228: checking whether we are using the GNU C compiler
configure:2252: gcc -c   conftest.c >&5
configure:2258: $? = 0
configure:2262: test -z 
			 || test ! -s conftest.err
configure:2265: $? = 0
configure:2268: test -s conftest.o
configure:2271: $? = 0
configure:2284: result: yes
configure:2290: checking whether gcc accepts -g
configure:2311: gcc -c -g  conftest.c >&5
configure:2317: $? = 0
configure:2321: test -z 
			 || test ! -s conftest.err
configure:2324: $? = 0
configure:2327: test -s conftest.o
configure:2330: $? = 0
configure:2341: result: yes
configure:2358: checking for gcc option to accept ANSI C
configure:2428: gcc  -c   conftest.c >&5
configure:2434: $? = 0
configure:2438: test -z 
			 || test ! -s conftest.err
configure:2441: $? = 0
configure:2444: test -s conftest.o
configure:2447: $? = 0
configure:2465: result: none needed
configure:2483: gcc -c   conftest.c >&5
conftest.c:2:3: error: unknown type name 'choke'
   choke me
   ^
conftest.c:2:3: error: expected '=', ',', ';', 'asm' or '__attribute__' at end of input
configure:2489: $? = 1
configure: failed program was:
| #ifndef __cplusplus
|   choke me
| #endif
configure:2623: checking for inline
configure:2644: gcc -c   conftest.c >&5
configure:2650: $? = 0
configure:2654: test -z 
			 || test ! -s conftest.err
configure:2657: $? = 0
configure:2660: test -s conftest.o
configure:2663: $? = 0
configure:2675: result: inline
configure:2705: checking how to run the C preprocessor
configure:2740: gcc -E  conftest.c
configure:2746: $? = 0
configure:2778: gcc -E  conftest.c
conftest.c:9:28: fatal error: ac_nonexistent.h: No such file or directory
compilation terminated.
configure:2784: $? = 1
configure: failed program was:
| /* confdefs.h.  */
| 
| #define PACKAGE_NAME "tk"
| #define PACKAGE_TARNAME "tk"
| #define PACKAGE_VERSION "8.6"
| #define PACKAGE_STRING "tk 8.6"
| #define PACKAGE_BUGREPORT ""
| /* end confdefs.h.  */
| #include <ac_nonexistent.h>
configure:2823: result: gcc -E
configure:2847: gcc -E  conftest.c
configure:2853: $? = 0
configure:2885: gcc -E  conftest.c
conftest.c:9:28: fatal error: ac_nonexistent.h: No such file or directory
compilation terminated.
configure:2891: $? = 1
configure: failed program was:
| /* confdefs.h.  */
| 
| #define PACKAGE_NAME "tk"
| #define PACKAGE_TARNAME "tk"
| #define PACKAGE_VERSION "8.6"
| #define PACKAGE_STRING "tk 8.6"
| #define PACKAGE_BUGREPORT ""
| /* end confdefs.h.  */
| #include <ac_nonexistent.h>
configure:2935: checking for egrep
configure:2945: result: grep -E
configure:2950: checking for ANSI C header files
configure:2975: gcc -c   conftest.c >&5
configure:2981: $? = 0
configure:2985: test -z 
			 || test ! -s conftest.err
configure:2988: $? = 0
configure:2991: test -s conftest.o
configure:2994: $? = 0
configure:3083: gcc -o conftest    conftest.c  >&5
conftest.c: In function 'main':
conftest.c:26:7: warning: implicit declaration of function 'exit' [-Wimplicit-function-declaration]
       exit(2);
       ^
conftest.c:26:7: warning: incompatible implicit declaration of built-in function 'exit'
conftest.c:26:7: note: include '<stdlib.h>' or provide a declaration of 'exit'
conftest.c:27:3: warning: incompatible implicit declaration of built-in function 'exit'
   exit (0);
   ^
conftest.c:27:3: note: include '<stdlib.h>' or provide a declaration of 'exit'
configure:3086: $? = 0
configure:3088: ./conftest
configure:3091: $? = 0
configure:3106: result: yes
configure:3130: checking for sys/types.h
configure:3146: gcc -c   conftest.c >&5
configure:3152: $? = 0
configure:3156: test -z 
			 || test ! -s conftest.err
configure:3159: $? = 0
configure:3162: test -s conftest.o
configure:3165: $? = 0
configure:3176: result: yes
configure:3130: checking for sys/stat.h
configure:3146: gcc -c   conftest.c >&5
configure:3152: $? = 0
configure:3156: test -z 
			 || test ! -s conftest.err
configure:3159: $? = 0
configure:3162: test -s conftest.o
configure:3165: $? = 0
configure:3176: result: yes
configure:3130: checking for stdlib.h
configure:3146: gcc -c   conftest.c >&5
configure:3152: $? = 0
configure:3156: test -z 
			 || test ! -s conftest.err
configure:3159: $? = 0
configure:3162: test -s conftest.o
configure:3165: $? = 0
configure:3176: result: yes
configure:3130: checking for string.h
configure:3146: gcc -c   conftest.c >&5
configure:3152: $? = 0
configure:3156: test -z 
			 || test ! -s conftest.err
configure:3159: $? = 0
configure:3162: test -s conftest.o
configure:3165: $? = 0
configure:3176: result: yes
configure:3130: checking for memory.h
configure:3146: gcc -c   conftest.c >&5
configure:3152: $? = 0
configure:3156: test -z 
			 || test ! -s conftest.err
configure:3159: $? = 0
configure:3162: test -s conftest.o
configure:3165: $? = 0
configure:3176: result: yes
configure:3130: checking for strings.h
configure:3146: gcc -c   conftest.c >&5
configure:3152: $? = 0
configure:3156: test -z 
			 || test ! -s conftest.err
configure:3159: $? = 0
configure:3162: test -s conftest.o
configure:3165: $? = 0
configure:3176: result: yes
configure:3130: checking for inttypes.h
configure:3146: gcc -c   conftest.c >&5
configure:3152: $? = 0
configure:3156: test -z 
			 || test ! -s conftest.err
configure:3159: $? = 0
configure:3162: test -s conftest.o
configure:3165: $? = 0
configure:3176: result: yes
configure:3130: checking for stdint.h
configure:3146: gcc -c   conftest.c >&5
configure:3152: $? = 0
configure:3156: test -z 
			 || test ! -s conftest.err
configure:3159: $? = 0
configure:3162: test -s conftest.o
configure:3165: $? = 0
configure:3176: result: yes
configure:3130: checking for unistd.h
configure:3146: gcc -c   conftest.c >&5
configure:3152: $? = 0
configure:3156: test -z 
			 || test ! -s conftest.err
configure:3159: $? = 0
configure:3162: test -s conftest.o
configure:3165: $? = 0
configure:3176: result: yes
configure:3189: checking for stdlib.h
configure:3194: result: yes
configure:3397: checking if the compiler understands -pipe
configure:3420: gcc -c  -pipe  conftest.c >&5
configure:3426: $? = 0
configure:3430: test -z 
			 || test ! -s conftest.err
configure:3433: $? = 0
configure:3436: test -s conftest.o
configure:3439: $? = 0
configure:3451: result: yes
configure:3501: checking for pthread_mutex_init in -lpthread
configure:3531: gcc -o conftest  -pipe   conftest.c -lpthread   >&5
configure:3537: $? = 0
configure:3541: test -z 
			 || test ! -s conftest.err
configure:3544: $? = 0
configure:3547: test -s conftest
configure:3550: $? = 0
configure:3563: result: yes
configure:3890: checking for pthread_attr_setstacksize
configure:3947: gcc -o conftest  -pipe   conftest.c   -lpthread >&5
configure:3953: $? = 0
configure:3957: test -z 
			 || test ! -s conftest.err
configure:3960: $? = 0
configure:3963: test -s conftest
configure:3966: $? = 0
configure:3978: result: yes
configure:3890: checking for pthread_atfork
configure:3947: gcc -o conftest  -pipe   conftest.c   -lpthread >&5
configure:3953: $? = 0
configure:3957: test -z 
			 || test ! -s conftest.err
configure:3960: $? = 0
configure:3963: test -s conftest
configure:3966: $? = 0
configure:3978: result: yes
configure:3993: checking for building with threads
configure:4002: result: yes (threaded core)
configure:4020: checking how to build libraries
configure:4038: result: shared
configure:4100: checking for ranlib
configure:4116: found /usr/bin/ranlib
configure:4127: result: ranlib
configure:4143: checking if 64bit support is requested
configure:4152: result: no
configure:4157: checking if 64bit Sparc VIS support is requested
configure:4166: result: no
configure:4177: checking if compiler supports visibility "hidden"
configure:4202: gcc -o conftest  -pipe -Werror   conftest.c  -lpthread >&5
configure:4208: $? = 0
configure:4212: test -z 
			 || test ! -s conftest.err
configure:4215: $? = 0
configure:4218: test -s conftest
configure:4221: $? = 0
configure:4234: result: yes
configure:4254: checking if rpath support is requested
configure:4263: result: yes
configure:4270: checking system version
configure:4298: result: Linux-4.4.0-62-generic
configure:4306: checking for dlopen in -ldl
configure:4336: gcc -o conftest  -pipe   conftest.c -ldl   -lpthread >&5
configure:4342: $? = 0
configure:4346: test -z 
			 || test ! -s conftest.err
configure:4349: $? = 0
configure:4352: test -s conftest
configure:4355: $? = 0
configure:4368: result: yes
configure:4449: checking for ar
configure:4465: found /usr/bin/ar
configure:4475: result: ar
configure:6737: checking for cast to union support
configure:6761: gcc -c  -pipe  conftest.c >&5
configure:6767: $? = 0
configure:6771: test -z 
			 || test ! -s conftest.err
configure:6774: $? = 0
configure:6777: test -s conftest.o
configure:6780: $? = 0
configure:6792: result: yes
configure:6844: checking for build with symbols
configure:6863: result: no
configure:6907: checking for required early compiler flags
configure:6930: gcc -c  -pipe  conftest.c >&5
configure:6936: $? = 0
configure:6940: test -z 
			 || test ! -s conftest.err
configure:6943: $? = 0
configure:6946: test -s conftest.o
configure:6949: $? = 0
configure:7035: gcc -c  -pipe  conftest.c >&5
conftest.c: In function 'main':
conftest.c:35:15: error: storage size of 'buf' isn't known
 struct stat64 buf; int i = stat64("/", &buf);
               ^
conftest.c:35:28: warning: implicit declaration of function 'stat64' [-Wimplicit-function-declaration]
 struct stat64 buf; int i = stat64("/", &buf);
                            ^
configure:7041: $? = 1
configure: failed program was:
| /* confdefs.h.  */
| 
| #define PACKAGE_NAME "tk"
| #define PACKAGE_TARNAME "tk"
| #define PACKAGE_VERSION "8.6"
| #define PACKAGE_STRING "tk 8.6"
| #define PACKAGE_BUGREPORT ""
| #define STDC_HEADERS 1
| #define HAVE_SYS_TYPES_H 1
| #define HAVE_SYS_STAT_H 1
| #define HAVE_STDLIB_H 1
| #define HAVE_STRING_H 1
| #define HAVE_MEMORY_H 1
| #define HAVE_STRINGS_H 1
| #define HAVE_INTTYPES_H 1
| #define HAVE_STDINT_H 1
| #define HAVE_UNISTD_H 1
| #define USE_THREAD_ALLOC 1
| #define _REENTRANT 1
| #define _THREAD_SAFE 1
| #define HAVE_PTHREAD_ATTR_SETSTACKSIZE 1
| #define HAVE_PTHREAD_ATFORK 1
| #define TCL_THREADS 1
| #define MODULE_SCOPE extern __attribute__((__visibility__("hidden")))
| #define HAVE_HIDDEN 1
| #define HAVE_CAST_TO_UNION 1
| #define TCL_SHLIB_EXT ".so"
| #define NDEBUG 1
| #define TCL_CFG_OPTIMIZED 1
| /* end confdefs.h.  */
| #include <sys/stat.h>
| int
| main ()
| {
| struct stat64 buf; int i = stat64("/", &buf);
|   ;
|   return 0;
| }
configure:7078: gcc -c  -pipe  conftest.c >&5
configure:7084: $? = 0
configure:7088: test -z 
			 || test ! -s conftest.err
configure:7091: $? = 0
configure:7094: test -s conftest.o
configure:7097: $? = 0
configure:7140: gcc -c  -pipe  conftest.c >&5
conftest.c: In function 'main':
conftest.c:36:19: error: 'open64' undeclared (first use in this function)
 char *p = (char *)open64;
                   ^
conftest.c:36:19: note: each undeclared identifier is reported only once for each function it appears in
configure:7146: $? = 1
configure: failed program was:
| /* confdefs.h.  */
| 
| #define PACKAGE_NAME "tk"
| #define PACKAGE_TARNAME "tk"
| #define PACKAGE_VERSION "8.6"
| #define PACKAGE_STRING "tk 8.6"
| #define PACKAGE_BUGREPORT ""
| #define STDC_HEADERS 1
| #define HAVE_SYS_TYPES_H 1
| #define HAVE_SYS_STAT_H 1
| #define HAVE_STDLIB_H 1
| #define HAVE_STRING_H 1
| #define HAVE_MEMORY_H 1
| #define HAVE_STRINGS_H 1
| #define HAVE_INTTYPES_H 1
| #define HAVE_STDINT_H 1
| #define HAVE_UNISTD_H 1
| #define USE_THREAD_ALLOC 1
| #define _REENTRANT 1
| #define _THREAD_SAFE 1
| #define HAVE_PTHREAD_ATTR_SETSTACKSIZE 1
| #define HAVE_PTHREAD_ATFORK 1
| #define TCL_THREADS 1
| #define MODULE_SCOPE extern __attribute__((__visibility__("hidden")))
| #define HAVE_HIDDEN 1
| #define HAVE_CAST_TO_UNION 1
| #define TCL_SHLIB_EXT ".so"
| #define NDEBUG 1
| #define TCL_CFG_OPTIMIZED 1
| #define _LARGEFILE64_SOURCE 1
| /* end confdefs.h.  */
| #include <sys/stat.h>
| int
| main ()
| {
| char *p = (char *)open64;
|   ;
|   return 0;
| }
configure:7183: gcc -c  -pipe  conftest.c >&5
conftest.c: In function 'main':
conftest.c:37:19: error: 'open64' undeclared (first use in this function)
 char *p = (char *)open64;
                   ^
conftest.c:37:19: note: each undeclared identifier is reported only once for each function it appears in
configure:7189: $? = 1
configure: failed program was:
| /* confdefs.h.  */
| 
| #define PACKAGE_NAME "tk"
| #define PACKAGE_TARNAME "tk"
| #define PACKAGE_VERSION "8.6"
| #define PACKAGE_STRING "tk 8.6"
| #define PACKAGE_BUGREPORT ""
| #define STDC_HEADERS 1
| #define HAVE_SYS_TYPES_H 1
| #define HAVE_SYS_STAT_H 1
| #define HAVE_STDLIB_H 1
| #define HAVE_STRING_H 1
| #define HAVE_MEMORY_H 1
| #define HAVE_STRINGS_H 1
| #define HAVE_INTTYPES_H 1
| #define HAVE_STDINT_H 1
| #define HAVE_UNISTD_H 1
| #define USE_THREAD_ALLOC 1
| #define _REENTRANT 1
| #define _THREAD_SAFE 1
| #define HAVE_PTHREAD_ATTR_SETSTACKSIZE 1
| #define HAVE_PTHREAD_ATFORK 1
| #define TCL_THREADS 1
| #define MODULE_SCOPE extern __attribute__((__visibility__("hidden")))
| #define HAVE_HIDDEN 1
| #define HAVE_CAST_TO_UNION 1
| #define TCL_SHLIB_EXT ".so"
| #define NDEBUG 1
| #define TCL_CFG_OPTIMIZED 1
| #define _LARGEFILE64_SOURCE 1
| /* end confdefs.h.  */
| #define _LARGEFILE_SOURCE64 1
| #include <sys/stat.h>
| int
| main ()
| {
| char *p = (char *)open64;
|   ;
|   return 0;
| }
configure:7229: result:  _LARGEFILE64_SOURCE
configure:7235: checking for 64-bit integer type
configure:7259: gcc -c  -pipe  conftest.c >&5
conftest.c: In function 'main':
conftest.c:36:1: error: unknown type name '__int64'
 __int64 value = (__int64) 0;
 ^
conftest.c:36:18: error: '__int64' undeclared (first use in this function)
 __int64 value = (__int64) 0;
                  ^
conftest.c:36:18: note: each undeclared identifier is reported only once for each function it appears in
conftest.c:36:27: error: expected ',' or ';' before numeric constant
 __int64 value = (__int64) 0;
                           ^
configure:7265: $? = 1
configure: failed program was:
| /* confdefs.h.  */
| 
| #define PACKAGE_NAME "tk"
| #define PACKAGE_TARNAME "tk"
| #define PACKAGE_VERSION "8.6"
| #define PACKAGE_STRING "tk 8.6"
| #define PACKAGE_BUGREPORT ""
| #define STDC_HEADERS 1
| #define HAVE_SYS_TYPES_H 1
| #define HAVE_SYS_STAT_H 1
| #define HAVE_STDLIB_H 1
| #define HAVE_STRING_H 1
| #define HAVE_MEMORY_H 1
| #define HAVE_STRINGS_H 1
| #define HAVE_INTTYPES_H 1
| #define HAVE_STDINT_H 1
| #define HAVE_UNISTD_H 1
| #define USE_THREAD_ALLOC 1
| #define _REENTRANT 1
| #define _THREAD_SAFE 1
| #define HAVE_PTHREAD_ATTR_SETSTACKSIZE 1
| #define HAVE_PTHREAD_ATFORK 1
| #define TCL_THREADS 1
| #define MODULE_SCOPE extern __attribute__((__visibility__("hidden")))
| #define HAVE_HIDDEN 1
| #define HAVE_CAST_TO_UNION 1
| #define TCL_SHLIB_EXT ".so"
| #define NDEBUG 1
| #define TCL_CFG_OPTIMIZED 1
| #define _LARGEFILE64_SOURCE 1
| /* end confdefs.h.  */
| 
| int
| main ()
| {
| __int64 value = (__int64) 0;
|   ;
|   return 0;
| }
configure:7309: gcc -c  -pipe  conftest.c >&5
conftest.c: In function 'main':
conftest.c:37:21: error: duplicate case value
             case 1: case (sizeof(long long)==sizeof(long)): ;
                     ^
conftest.c:37:13: error: previously used here
             case 1: case (sizeof(long long)==sizeof(long)): ;
             ^
configure:7315: $? = 1
configure: failed program was:
| /* confdefs.h.  */
| 
| #define PACKAGE_NAME "tk"
| #define PACKAGE_TARNAME "tk"
| #define PACKAGE_VERSION "8.6"
| #define PACKAGE_STRING "tk 8.6"
| #define PACKAGE_BUGREPORT ""
| #define STDC_HEADERS 1
| #define HAVE_SYS_TYPES_H 1
| #define HAVE_SYS_STAT_H 1
| #define HAVE_STDLIB_H 1
| #define HAVE_STRING_H 1
| #define HAVE_MEMORY_H 1
| #define HAVE_STRINGS_H 1
| #define HAVE_INTTYPES_H 1
| #define HAVE_STDINT_H 1
| #define HAVE_UNISTD_H 1
| #define USE_THREAD_ALLOC 1
| #define _REENTRANT 1
| #define _THREAD_SAFE 1
| #define HAVE_PTHREAD_ATTR_SETSTACKSIZE 1
| #define HAVE_PTHREAD_ATFORK 1
| #define TCL_THREADS 1
| #define MODULE_SCOPE extern __attribute__((__visibility__("hidden")))
| #define HAVE_HIDDEN 1
| #define HAVE_CAST_TO_UNION 1
| #define TCL_SHLIB_EXT ".so"
| #define NDEBUG 1
| #define TCL_CFG_OPTIMIZED 1
| #define _LARGEFILE64_SOURCE 1
| /* end confdefs.h.  */
| 
| int
| main ()
| {
| switch (0) {
|             case 1: case (sizeof(long long)==sizeof(long)): ;
|         }
|   ;
|   return 0;
| }
configure:7345: result: using long
configure:7661: checking whether byte ordering is bigendian
configure:7688: gcc -c  -pipe  conftest.c >&5
configure:7694: $? = 0
configure:7698: test -z 
			 || test ! -s conftest.err
configure:7701: $? = 0
configure:7704: test -s conftest.o
configure:7707: $? = 0
configure:7731: gcc -c  -pipe  conftest.c >&5
conftest.c: In function 'main':
conftest.c:40:2: error: unknown type name 'not'
  not big endian
  ^
conftest.c:40:10: error: expected '=', ',', ';', 'asm' or '__attribute__' before 'endian'
  not big endian
          ^
configure:7737: $? = 1
configure: failed program was:
| /* confdefs.h.  */
| 
| #define PACKAGE_NAME "tk"
| #define PACKAGE_TARNAME "tk"
| #define PACKAGE_VERSION "8.6"
| #define PACKAGE_STRING "tk 8.6"
| #define PACKAGE_BUGREPORT ""
| #define STDC_HEADERS 1
| #define HAVE_SYS_TYPES_H 1
| #define HAVE_SYS_STAT_H 1
| #define HAVE_STDLIB_H 1
| #define HAVE_STRING_H 1
| #define HAVE_MEMORY_H 1
| #define HAVE_STRINGS_H 1
| #define HAVE_INTTYPES_H 1
| #define HAVE_STDINT_H 1
| #define HAVE_UNISTD_H 1
| #define USE_THREAD_ALLOC 1
| #define _REENTRANT 1
| #define _THREAD_SAFE 1
| #define HAVE_PTHREAD_ATTR_SETSTACKSIZE 1
| #define HAVE_PTHREAD_ATFORK 1
| #define TCL_THREADS 1
| #define MODULE_SCOPE extern __attribute__((__visibility__("hidden")))
| #define HAVE_HIDDEN 1
| #define HAVE_CAST_TO_UNION 1
| #define TCL_SHLIB_EXT ".so"
| #define NDEBUG 1
| #define TCL_CFG_OPTIMIZED 1
| #define _LARGEFILE64_SOURCE 1
| #define TCL_WIDE_INT_IS_LONG 1
| /* end confdefs.h.  */
| #include <sys/types.h>
| #include <sys/param.h>
| 
| int
| main ()
| {
| #if BYTE_ORDER != BIG_ENDIAN
|  not big endian
| #endif
| 
|   ;
|   return 0;
| }
configure:7872: result: no
configure:7922: checking for fd_set in sys/types
configure:7944: gcc -c  -pipe  conftest.c >&5
configure:7950: $? = 0
configure:7954: test -z 
			 || test ! -s conftest.err
configure:7957: $? = 0
configure:7960: test -s conftest.o
configure:7963: $? = 0
configure:7974: result: yes
configure:8039: checking sys/time.h usability
configure:8051: gcc -c  -pipe  conftest.c >&5
configure:8057: $? = 0
configure:8061: test -z 
			 || test ! -s conftest.err
configure:8064: $? = 0
configure:8067: test -s conftest.o
configure:8070: $? = 0
configure:8080: result: yes
configure:8084: checking sys/time.h presence
configure:8094: gcc -E  conftest.c
configure:8100: $? = 0
configure:8120: result: yes
configure:8155: checking for sys/time.h
configure:8162: result: yes
configure:8175: checking whether time.h and sys/time.h may both be included
configure:8200: gcc -c  -pipe  conftest.c >&5
configure:8206: $? = 0
configure:8210: test -z 
			 || test ! -s conftest.err
configure:8213: $? = 0
configure:8216: test -s conftest.o
configure:8219: $? = 0
configure:8230: result: yes
configure:8249: checking for strtod
configure:8306: gcc -o conftest  -pipe   -Wl,--export-dynamic  conftest.c  -lpthread >&5
configure:8312: $? = 0
configure:8316: test -z 
			 || test ! -s conftest.err
configure:8319: $? = 0
configure:8322: test -s conftest
configure:8325: $? = 0
configure:8337: result: yes
configure:8346: checking for Solaris2.4/Tru64 strtod bugs
configure:8383: gcc -o conftest  -pipe   -Wl,--export-dynamic  conftest.c  -lpthread >&5
conftest.c: In function 'main':
conftest.c:43:4: warning: implicit declaration of function 'exit' [-Wimplicit-function-declaration]
    exit(1);
    ^
conftest.c:43:4: warning: incompatible implicit declaration of built-in function 'exit'
conftest.c:43:4: note: include '<stdlib.h>' or provide a declaration of 'exit'
conftest.c:47:4: warning: incompatible implicit declaration of built-in function 'exit'
    exit(1);
    ^
conftest.c:47:4: note: include '<stdlib.h>' or provide a declaration of 'exit'
conftest.c:51:4: warning: incompatible implicit declaration of built-in function 'exit'
    exit(1);
    ^
conftest.c:51:4: note: include '<stdlib.h>' or provide a declaration of 'exit'
conftest.c:53:7: warning: incompatible implicit declaration of built-in function 'exit'
       exit(0);
       ^
conftest.c:53:7: note: include '<stdlib.h>' or provide a declaration of 'exit'
configure:8386: $? = 0
configure:8388: ./conftest
configure:8391: $? = 0
configure:8405: result: ok
configure:8431: checking for mode_t
configure:8455: gcc -c  -pipe  conftest.c >&5
configure:8461: $? = 0
configure:8465: test -z 
			 || test ! -s conftest.err
configure:8468: $? = 0
configure:8471: test -s conftest.o
configure:8474: $? = 0
configure:8485: result: yes
configure:8497: checking for pid_t
configure:8521: gcc -c  -pipe  conftest.c >&5
configure:8527: $? = 0
configure:8531: test -z 
			 || test ! -s conftest.err
configure:8534: $? = 0
configure:8537: test -s conftest.o
configure:8540: $? = 0
configure:8551: result: yes
configure:8563: checking for size_t
configure:8587: gcc -c  -pipe  conftest.c >&5
configure:8593: $? = 0
configure:8597: test -z 
			 || test ! -s conftest.err
configure:8600: $? = 0
configure:8603: test -s conftest.o
configure:8606: $? = 0
configure:8617: result: yes
configure:8629: checking for uid_t in sys/types.h
configure:8652: result: yes
configure:8668: checking for intptr_t
configure:8692: gcc -c  -pipe  conftest.c >&5
configure:8698: $? = 0
configure:8702: test -z 
			 || test ! -s conftest.err
configure:8705: $? = 0
configure:8708: test -s conftest.o
configure:8711: $? = 0
configure:8722: result: yes
configure:8803: checking for uintptr_t
configure:8827: gcc -c  -pipe  conftest.c >&5
configure:8833: $? = 0
configure:8837: test -z 
			 || test ! -s conftest.err
configure:8840: $? = 0
configure:8843: test -s conftest.o
configure:8846: $? = 0
configure:8857: result: yes
configure:8944: checking pw_gecos in struct pwd
configure:8966: gcc -c  -pipe  conftest.c >&5
configure:8972: $? = 0
configure:8976: test -z 
			 || test ! -s conftest.err
configure:8979: $? = 0
configure:8982: test -s conftest.o
configure:8985: $? = 0
configure:8996: result: yes
configure:9506: checking for X
configure:9611: gcc -E  conftest.c
configure:9617: $? = 0
configure:9667: gcc -o conftest  -pipe   -Wl,--export-dynamic  conftest.c -lX11  -lpthread >&5
configure:9673: $? = 0
configure:9677: test -z 
			 || test ! -s conftest.err
configure:9680: $? = 0
configure:9683: test -s conftest
configure:9686: $? = 0
configure:9736: result: libraries , headers 
configure:9751: gcc -E  conftest.c
configure:9757: $? = 0
configure:9986: checking for main in -lXbsd
configure:10010: gcc -o conftest  -pipe   -Wl,--export-dynamic  conftest.c -lXbsd   -lpthread >&5
/usr/bin/ld: cannot find -lXbsd
collect2: error: ld returned 1 exit status
configure:10016: $? = 1
configure: failed program was:
| /* confdefs.h.  */
| 
| #define PACKAGE_NAME "tk"
| #define PACKAGE_TARNAME "tk"
| #define PACKAGE_VERSION "8.6"
| #define PACKAGE_STRING "tk 8.6"
| #define PACKAGE_BUGREPORT ""
| #define STDC_HEADERS 1
| #define HAVE_SYS_TYPES_H 1
| #define HAVE_SYS_STAT_H 1
| #define HAVE_STDLIB_H 1
| #define HAVE_STRING_H 1
| #define HAVE_MEMORY_H 1
| #define HAVE_STRINGS_H 1
| #define HAVE_INTTYPES_H 1
| #define HAVE_STDINT_H 1
| #define HAVE_UNISTD_H 1
| #define USE_THREAD_ALLOC 1
| #define _REENTRANT 1
| #define _THREAD_SAFE 1
| #define HAVE_PTHREAD_ATTR_SETSTACKSIZE 1
| #define HAVE_PTHREAD_ATFORK 1
| #define TCL_THREADS 1
| #define MODULE_SCOPE extern __attribute__((__visibility__("hidden")))
| #define HAVE_HIDDEN 1
| #define HAVE_CAST_TO_UNION 1
| #define TCL_SHLIB_EXT ".so"
| #define NDEBUG 1
| #define TCL_CFG_OPTIMIZED 1
| #define _LARGEFILE64_SOURCE 1
| #define TCL_WIDE_INT_IS_LONG 1
| #define HAVE_SYS_TIME_H 1
| #define TIME_WITH_SYS_TIME 1
| #define HAVE_INTPTR_T 1
| #define HAVE_UINTPTR_T 1
| #define HAVE_PW_GECOS 1
| /* end confdefs.h.  */
| 
| 
| int
| main ()
| {
| main ();
|   ;
|   return 0;
| }
configure:10042: result: no
configure:10133: checking whether to use xft
configure:10156: result: no
configure:10423: checking for X11/XKBlib.h
configure:10439: gcc -c  -pipe   conftest.c >&5
configure:10445: $? = 0
configure:10449: test -z 
			 || test ! -s conftest.err
configure:10452: $? = 0
configure:10455: test -s conftest.o
configure:10458: $? = 0
configure:10469: result: yes
configure:10483: checking for XkbKeycodeToKeysym in -lX11
configure:10513: gcc -o conftest  -pipe    -Wl,--export-dynamic  conftest.c -lX11   -lpthread -lX11 >&5
configure:10519: $? = 0
configure:10523: test -z 
			 || test ! -s conftest.err
configure:10526: $? = 0
configure:10529: test -s conftest
configure:10532: $? = 0
configure:10545: result: yes
configure:10576: checking whether XKeycodeToKeysym is deprecated
configure:10600: gcc -o conftest  -pipe -Werror   -Wl,--export-dynamic  conftest.c  -lpthread >&5
conftest.c: In function 'main':
conftest.c:46:2: error: 'XKeycodeToKeysym' is deprecated [-Werror=deprecated-declarations]
  XKeycodeToKeysym(0,0,0);
  ^
In file included from conftest.c:40:0:
/usr/include/X11/Xlib.h:1687:15: note: declared here
 extern KeySym XKeycodeToKeysym(
               ^
cc1: all warnings being treated as errors
configure:10606: $? = 1
configure: failed program was:
| /* confdefs.h.  */
| 
| #define PACKAGE_NAME "tk"
| #define PACKAGE_TARNAME "tk"
| #define PACKAGE_VERSION "8.6"
| #define PACKAGE_STRING "tk 8.6"
| #define PACKAGE_BUGREPORT ""
| #define STDC_HEADERS 1
| #define HAVE_SYS_TYPES_H 1
| #define HAVE_SYS_STAT_H 1
| #define HAVE_STDLIB_H 1
| #define HAVE_STRING_H 1
| #define HAVE_MEMORY_H 1
| #define HAVE_STRINGS_H 1
| #define HAVE_INTTYPES_H 1
| #define HAVE_STDINT_H 1
| #define HAVE_UNISTD_H 1
| #define USE_THREAD_ALLOC 1
| #define _REENTRANT 1
| #define _THREAD_SAFE 1
| #define HAVE_PTHREAD_ATTR_SETSTACKSIZE 1
| #define HAVE_PTHREAD_ATFORK 1
| #define TCL_THREADS 1
| #define MODULE_SCOPE extern __attribute__((__visibility__("hidden")))
| #define HAVE_HIDDEN 1
| #define HAVE_CAST_TO_UNION 1
| #define TCL_SHLIB_EXT ".so"
| #define NDEBUG 1
| #define TCL_CFG_OPTIMIZED 1
| #define _LARGEFILE64_SOURCE 1
| #define TCL_WIDE_INT_IS_LONG 1
| #define HAVE_SYS_TIME_H 1
| #define TIME_WITH_SYS_TIME 1
| #define HAVE_INTPTR_T 1
| #define HAVE_UINTPTR_T 1
| #define HAVE_PW_GECOS 1
| #define HAVE_XKBKEYCODETOKEYSYM 1
| /* end confdefs.h.  */
| 
| 	#include <X11/Xlib.h>
| 
| int
| main ()
| {
| 
| 	XKeycodeToKeysym(0,0,0);
| 
|   ;
|   return 0;
| }
configure:10630: result: yes
configure:10660: checking whether to try to use XScreenSaver
configure:10673: result: yes
configure:10675: checking for X11/extensions/scrnsaver.h
configure:10691: gcc -c  -pipe   conftest.c >&5
conftest.c:42:38: fatal error: X11/extensions/scrnsaver.h: No such file or directory
compilation terminated.
configure:10697: $? = 1
configure: failed program was:
| /* confdefs.h.  */
| 
| #define PACKAGE_NAME "tk"
| #define PACKAGE_TARNAME "tk"
| #define PACKAGE_VERSION "8.6"
| #define PACKAGE_STRING "tk 8.6"
| #define PACKAGE_BUGREPORT ""
| #define STDC_HEADERS 1
| #define HAVE_SYS_TYPES_H 1
| #define HAVE_SYS_STAT_H 1
| #define HAVE_STDLIB_H 1
| #define HAVE_STRING_H 1
| #define HAVE_MEMORY_H 1
| #define HAVE_STRINGS_H 1
| #define HAVE_INTTYPES_H 1
| #define HAVE_STDINT_H 1
| #define HAVE_UNISTD_H 1
| #define USE_THREAD_ALLOC 1
| #define _REENTRANT 1
| #define _THREAD_SAFE 1
| #define HAVE_PTHREAD_ATTR_SETSTACKSIZE 1
| #define HAVE_PTHREAD_ATFORK 1
| #define TCL_THREADS 1
| #define MODULE_SCOPE extern __attribute__((__visibility__("hidden")))
| #define HAVE_HIDDEN 1
| #define HAVE_CAST_TO_UNION 1
| #define TCL_SHLIB_EXT ".so"
| #define NDEBUG 1
| #define TCL_CFG_OPTIMIZED 1
| #define _LARGEFILE64_SOURCE 1
| #define TCL_WIDE_INT_IS_LONG 1
| #define HAVE_SYS_TIME_H 1
| #define TIME_WITH_SYS_TIME 1
| #define HAVE_INTPTR_T 1
| #define HAVE_UINTPTR_T 1
| #define HAVE_PW_GECOS 1
| #define HAVE_XKBKEYCODETOKEYSYM 1
| #define XKEYCODETOKEYSYM_IS_DEPRECATED 1
| /* end confdefs.h.  */
| #include <X11/Xlib.h>
| 
| #include <X11/extensions/scrnsaver.h>
configure:10721: result: no
configure:10730: checking for XScreenSaverQueryInfo
configure:10787: gcc -o conftest  -pipe    -Wl,--export-dynamic  conftest.c  -lpthread -lX11 >&5
/tmp/ccCyDgMJ.o: In function `main':
conftest.c:(.text+0xd): undefined reference to `XScreenSaverQueryInfo'
/tmp/ccCyDgMJ.o:(.data+0x0): undefined reference to `XScreenSaverQueryInfo'
collect2: error: ld returned 1 exit status
configure:10793: $? = 1
configure: failed program was:
| /* confdefs.h.  */
| 
| #define PACKAGE_NAME "tk"
| #define PACKAGE_TARNAME "tk"
| #define PACKAGE_VERSION "8.6"
| #define PACKAGE_STRING "tk 8.6"
| #define PACKAGE_BUGREPORT ""
| #define STDC_HEADERS 1
| #define HAVE_SYS_TYPES_H 1
| #define HAVE_SYS_STAT_H 1
| #define HAVE_STDLIB_H 1
| #define HAVE_STRING_H 1
| #define HAVE_MEMORY_H 1
| #define HAVE_STRINGS_H 1
| #define HAVE_INTTYPES_H 1
| #define HAVE_STDINT_H 1
| #define HAVE_UNISTD_H 1
| #define USE_THREAD_ALLOC 1
| #define _REENTRANT 1
| #define _THREAD_SAFE 1
| #define HAVE_PTHREAD_ATTR_SETSTACKSIZE 1
| #define HAVE_PTHREAD_ATFORK 1
| #define TCL_THREADS 1
| #define MODULE_SCOPE extern __attribute__((__visibility__("hidden")))
| #define HAVE_HIDDEN 1
| #define HAVE_CAST_TO_UNION 1
| #define TCL_SHLIB_EXT ".so"
| #define NDEBUG 1
| #define TCL_CFG_OPTIMIZED 1
| #define _LARGEFILE64_SOURCE 1
| #define TCL_WIDE_INT_IS_LONG 1
| #define HAVE_SYS_TIME_H 1
| #define TIME_WITH_SYS_TIME 1
| #define HAVE_INTPTR_T 1
| #define HAVE_UINTPTR_T 1
| #define HAVE_PW_GECOS 1
| #define HAVE_XKBKEYCODETOKEYSYM 1
| #define XKEYCODETOKEYSYM_IS_DEPRECATED 1
| /* end confdefs.h.  */
| /* Define XScreenSaverQueryInfo to an innocuous variant, in case <limits.h> declares XScreenSaverQueryInfo.
|    For example, HP-UX 11i <limits.h> declares gettimeofday.  */
| #define XScreenSaverQueryInfo innocuous_XScreenSaverQueryInfo
| 
| /* System header to define __stub macros and hopefully few prototypes,
|     which can conflict with char XScreenSaverQueryInfo (); below.
|     Prefer <limits.h> to <assert.h> if __STDC__ is defined, since
|     <limits.h> exists even on freestanding compilers.  */
| 
| #ifdef __STDC__
| # include <limits.h>
| #else
| # include <assert.h>
| #endif
| 
| #undef XScreenSaverQueryInfo
| 
| /* Override any gcc2 internal prototype to avoid an error.  */
| #ifdef __cplusplus
| extern "C"
| {
| #endif
| /* We use char because int might match the return type of a gcc2
|    builtin and then its argument prototype would still apply.  */
| char XScreenSaverQueryInfo ();
| /* The GNU C library defines this for functions which it implements
|     to always fail with ENOSYS.  Some functions are actually named
|     something starting with __ and the normal name is an alias.  */
| #if defined (__stub_XScreenSaverQueryInfo) || defined (__stub___XScreenSaverQueryInfo)
| choke me
| #else
| char (*f) () = XScreenSaverQueryInfo;
| #endif
| #ifdef __cplusplus
| }
| #endif
| 
| int
| main ()
| {
| return f != XScreenSaverQueryInfo;
|   ;
|   return 0;
| }
configure:10818: result: no
configure:10824: checking for XScreenSaverQueryInfo in -lXext
configure:10854: gcc -o conftest  -pipe    -Wl,--export-dynamic  conftest.c -lXext   -lpthread -lX11 >&5
/tmp/ccN609kL.o: In function `main':
conftest.c:(.text+0xa): undefined reference to `XScreenSaverQueryInfo'
collect2: error: ld returned 1 exit status
configure:10860: $? = 1
configure: failed program was:
| /* confdefs.h.  */
| 
| #define PACKAGE_NAME "tk"
| #define PACKAGE_TARNAME "tk"
| #define PACKAGE_VERSION "8.6"
| #define PACKAGE_STRING "tk 8.6"
| #define PACKAGE_BUGREPORT ""
| #define STDC_HEADERS 1
| #define HAVE_SYS_TYPES_H 1
| #define HAVE_SYS_STAT_H 1
| #define HAVE_STDLIB_H 1
| #define HAVE_STRING_H 1
| #define HAVE_MEMORY_H 1
| #define HAVE_STRINGS_H 1
| #define HAVE_INTTYPES_H 1
| #define HAVE_STDINT_H 1
| #define HAVE_UNISTD_H 1
| #define USE_THREAD_ALLOC 1
| #define _REENTRANT 1
| #define _THREAD_SAFE 1
| #define HAVE_PTHREAD_ATTR_SETSTACKSIZE 1
| #define HAVE_PTHREAD_ATFORK 1
| #define TCL_THREADS 1
| #define MODULE_SCOPE extern __attribute__((__visibility__("hidden")))
| #define HAVE_HIDDEN 1
| #define HAVE_CAST_TO_UNION 1
| #define TCL_SHLIB_EXT ".so"
| #define NDEBUG 1
| #define TCL_CFG_OPTIMIZED 1
| #define _LARGEFILE64_SOURCE 1
| #define TCL_WIDE_INT_IS_LONG 1
| #define HAVE_SYS_TIME_H 1
| #define TIME_WITH_SYS_TIME 1
| #define HAVE_INTPTR_T 1
| #define HAVE_UINTPTR_T 1
| #define HAVE_PW_GECOS 1
| #define HAVE_XKBKEYCODETOKEYSYM 1
| #define XKEYCODETOKEYSYM_IS_DEPRECATED 1
| /* end confdefs.h.  */
| 
| /* Override any gcc2 internal prototype to avoid an error.  */
| #ifdef __cplusplus
| extern "C"
| #endif
| /* We use char because int might match the return type of a gcc2
|    builtin and then its argument prototype would still apply.  */
| char XScreenSaverQueryInfo ();
| int
| main ()
| {
| XScreenSaverQueryInfo ();
|   ;
|   return 0;
| }
configure:10886: result: no
configure:10895: checking for XScreenSaverQueryInfo in -lXss
configure:10925: gcc -o conftest  -pipe    -Wl,--export-dynamic  conftest.c -lXss -lXext  -lpthread -lX11 >&5
/usr/bin/ld: cannot find -lXss
collect2: error: ld returned 1 exit status
configure:10931: $? = 1
configure: failed program was:
| /* confdefs.h.  */
| 
| #define PACKAGE_NAME "tk"
| #define PACKAGE_TARNAME "tk"
| #define PACKAGE_VERSION "8.6"
| #define PACKAGE_STRING "tk 8.6"
| #define PACKAGE_BUGREPORT ""
| #define STDC_HEADERS 1
| #define HAVE_SYS_TYPES_H 1
| #define HAVE_SYS_STAT_H 1
| #define HAVE_STDLIB_H 1
| #define HAVE_STRING_H 1
| #define HAVE_MEMORY_H 1
| #define HAVE_STRINGS_H 1
| #define HAVE_INTTYPES_H 1
| #define HAVE_STDINT_H 1
| #define HAVE_UNISTD_H 1
| #define USE_THREAD_ALLOC 1
| #define _REENTRANT 1
| #define _THREAD_SAFE 1
| #define HAVE_PTHREAD_ATTR_SETSTACKSIZE 1
| #define HAVE_PTHREAD_ATFORK 1
| #define TCL_THREADS 1
| #define MODULE_SCOPE extern __attribute__((__visibility__("hidden")))
| #define HAVE_HIDDEN 1
| #define HAVE_CAST_TO_UNION 1
| #define TCL_SHLIB_EXT ".so"
| #define NDEBUG 1
| #define TCL_CFG_OPTIMIZED 1
| #define _LARGEFILE64_SOURCE 1
| #define TCL_WIDE_INT_IS_LONG 1
| #define HAVE_SYS_TIME_H 1
| #define TIME_WITH_SYS_TIME 1
| #define HAVE_INTPTR_T 1
| #define HAVE_UINTPTR_T 1
| #define HAVE_PW_GECOS 1
| #define HAVE_XKBKEYCODETOKEYSYM 1
| #define XKEYCODETOKEYSYM_IS_DEPRECATED 1
| /* end confdefs.h.  */
| 
| /* Override any gcc2 internal prototype to avoid an error.  */
| #ifdef __cplusplus
| extern "C"
| #endif
| /* We use char because int might match the return type of a gcc2
|    builtin and then its argument prototype would still apply.  */
| char XScreenSaverQueryInfo ();
| int
| main ()
| {
| XScreenSaverQueryInfo ();
|   ;
|   return 0;
| }
configure:10957: result: no
configure:10996: checking whether char is unsigned
configure:11019: gcc -c  -pipe  conftest.c >&5
configure:11025: $? = 0
configure:11029: test -z 
			 || test ! -s conftest.err
configure:11032: $? = 0
configure:11035: test -s conftest.o
configure:11038: $? = 0
configure:11049: result: no
configure:11417: creating ./config.status

## ---------------------- ##
## Running config.status. ##
## ---------------------- ##

This file was extended by tk config.status 8.6, which was
generated by GNU Autoconf 2.59.  Invocation command line was

  CONFIG_FILES    = 
  CONFIG_HEADERS  = 
  CONFIG_LINKS    = 
  CONFIG_COMMANDS = 
  $ ./config.status 

on adrien-MS-7A72

config.status:738: creating Makefile
config.status:738: creating tkConfig.sh
config.status:738: creating tk.pc

## ---------------- ##
## Cache variables. ##
## ---------------- ##

ac_cv_c_bigendian=no
ac_cv_c_char_unsigned=no
ac_cv_c_compiler_gnu=yes
ac_cv_c_inline=inline
ac_cv_c_tclconfig=/windows/etudes/ECE/ING4/PPE/python/Q_learning/reinforcement_FollE/tcl8.6.6/unix
ac_cv_env_CC_set=
ac_cv_env_CC_value=
ac_cv_env_CFLAGS_set=
ac_cv_env_CFLAGS_value=
ac_cv_env_CPPFLAGS_set=
ac_cv_env_CPPFLAGS_value=
ac_cv_env_CPP_set=
ac_cv_env_CPP_value=
ac_cv_env_LDFLAGS_set=
ac_cv_env_LDFLAGS_value=
ac_cv_env_build_alias_set=
ac_cv_env_build_alias_value=
ac_cv_env_host_alias_set=
ac_cv_env_host_alias_value=
ac_cv_env_target_alias_set=
ac_cv_env_target_alias_value=
ac_cv_exeext=
ac_cv_func_XScreenSaverQueryInfo=no
ac_cv_func_pthread_atfork=yes
ac_cv_func_pthread_attr_setstacksize=yes
ac_cv_func_strtod=yes
ac_cv_have_x='have_x=yes 		ac_x_includes= ac_x_libraries='
ac_cv_header_X11_XKBlib_h=yes
ac_cv_header_X11_extensions_scrnsaver_h=no
ac_cv_header_inttypes_h=yes
ac_cv_header_memory_h=yes
ac_cv_header_stdc=yes
ac_cv_header_stdint_h=yes
ac_cv_header_stdlib_h=yes
ac_cv_header_string_h=yes
ac_cv_header_strings_h=yes
ac_cv_header_sys_stat_h=yes
ac_cv_header_sys_time_h=yes
ac_cv_header_sys_types_h=yes
ac_cv_header_time=yes
ac_cv_header_unistd_h=yes
ac_cv_lib_X11_XkbKeycodeToKeysym=yes
ac_cv_lib_Xbsd_main=no
ac_cv_lib_Xext_XScreenSaverQueryInfo=no
ac_cv_lib_Xss_XScreenSaverQueryInfo=no
ac_cv_lib_dl_dlopen=yes
ac_cv_lib_pthread_pthread_mutex_init=yes
ac_cv_objext=o
ac_cv_path_tclsh=/usr/local/bin/tclsh8.6
ac_cv_prog_CPP='gcc -E'
ac_cv_prog_ac_ct_AR=ar
ac_cv_prog_ac_ct_CC=gcc
ac_cv_prog_ac_ct_RANLIB=ranlib
ac_cv_prog_cc_g=yes
ac_cv_prog_cc_stdc=
ac_cv_prog_egrep='grep -E'
ac_cv_type_intptr_t=yes
ac_cv_type_mode_t=yes
ac_cv_type_pid_t=yes
ac_cv_type_size_t=yes
ac_cv_type_uid_t=yes
ac_cv_type_uintptr_t=yes
tcl_cv_cast_to_union=yes
tcl_cv_cc_pipe=yes
tcl_cv_cc_visibility_hidden=yes
tcl_cv_flag__isoc99_source=no
tcl_cv_flag__largefile64_source=yes
tcl_cv_flag__largefile_source64=no
tcl_cv_pwd_pw_gecos=yes
tcl_cv_strtod_buggy=ok
tcl_cv_sys_version=Linux-4.4.0-62-generic
tcl_cv_type_64bit=none
tcl_cv_type_fd_set=yes

## ----------------- ##
## Output variables. ##
## ----------------- ##

APP_RSRC_FILE=''
AR='ar'
BUILD_TCLSH='/windows/etudes/ECE/ING4/PPE/python/Q_learning/reinforcement_FollE/tcl8.6.6/unix/tclsh'
CC='gcc'
CC_SEARCH_FLAGS='-Wl,-rpath,${LIB_RUNTIME_DIR}'
CFBUNDLELOCALIZATIONS=''
CFLAGS=' -pipe '
CFLAGS_DEBUG='-g'
CFLAGS_DEFAULT='$(CFLAGS_OPTIMIZE)'
CFLAGS_OPTIMIZE='-O2'
CFLAGS_WARNING='-Wall'
CPP='gcc -E'
CPPFLAGS=''
DEFS='-DPACKAGE_NAME=\"tk\" -DPACKAGE_TARNAME=\"tk\" -DPACKAGE_VERSION=\"8.6\" -DPACKAGE_STRING=\"tk\ 8.6\" -DPACKAGE_BUGREPORT=\"\" -DSTDC_HEADERS=1 -DHAVE_SYS_TYPES_H=1 -DHAVE_SYS_STAT_H=1 -DHAVE_STDLIB_H=1 -DHAVE_STRING_H=1 -DHAVE_MEMORY_H=1 -DHAVE_STRINGS_H=1 -DHAVE_INTTYPES_H=1 -DHAVE_STDINT_H=1 -DHAVE_UNISTD_H=1 -DUSE_THREAD_ALLOC=1 -D_REENTRANT=1 -D_THREAD_SAFE=1 -DHAVE_PTHREAD_ATTR_SETSTACKSIZE=1 -DHAVE_PTHREAD_ATFORK=1 -DTCL_THREADS=1 -DMODULE_SCOPE=extern\ __attribute__\(\(__visibility__\(\"hidden\"\)\)\) -DHAVE_HIDDEN=1 -DHAVE_CAST_TO_UNION=1 -DTCL_SHLIB_EXT=\".so\" -DNDEBUG=1 -DTCL_CFG_OPTIMIZED=1 -D_LARGEFILE64_SOURCE=1 -DTCL_WIDE_INT_IS_LONG=1 -DHAVE_SYS_TIME_H=1 -DTIME_WITH_SYS_TIME=1 -DHAVE_INTPTR_T=1 -DHAVE_UINTPTR_T=1 -DHAVE_PW_GECOS=1 -DHAVE_XKBKEYCODETOKEYSYM=1 -DXKEYCODETOKEYSYM_IS_DEPRECATED=1 '
DLL_INSTALL_DIR='$(LIB_INSTALL_DIR)'
DL_LIBS='-ldl'
DL_OBJS='tclLoadDl.o'
ECHO_C=''
ECHO_N='-n'
ECHO_T=''
EGREP='grep -E'
EXEEXT=''
EXTRA_APP_CC_SWITCHES=''
EXTRA_BUILD_HTML=''
EXTRA_CC_SWITCHES=''
EXTRA_INSTALL=''
EXTRA_INSTALL_BINARIES=''
EXTRA_WISH_LIBS=''
HTML_DIR='$(DISTDIR)/html'
INSTALL_LIB='$(INSTALL_LIBRARY) $(LIB_FILE) "$(LIB_INSTALL_DIR)/$(LIB_FILE)"'
INSTALL_STUB_LIB='$(INSTALL_LIBRARY) $(STUB_LIB_FILE) "$(LIB_INSTALL_DIR)/$(STUB_LIB_FILE)"'
LDAIX_SRC=''
LDFLAGS=' -Wl,--export-dynamic '
LDFLAGS_DEBUG=''
LDFLAGS_DEFAULT='$(LDFLAGS_OPTIMIZE)'
LDFLAGS_OPTIMIZE=''
LD_LIBRARY_PATH_VAR='LD_LIBRARY_PATH'
LD_SEARCH_FLAGS='-Wl,-rpath,${LIB_RUNTIME_DIR}'
LIBOBJS=''
LIBS=' -lpthread'
LIB_RSRC_FILE=''
LIB_RUNTIME_DIR='$(libdir)'
LOCALES='cs da de el en en_gb eo es fr hu it nl pl pt ru sv'
LTLIBOBJS=''
MAKE_LIB='${SHLIB_LD} -o $@ ${OBJS} ${SHLIB_LD_LIBS} ${TCL_SHLIB_LD_EXTRAS} ${TK_SHLIB_LD_EXTRAS} ${LD_SEARCH_FLAGS}'
MAKE_STUB_LIB='${STLIB_LD} $@ ${STUB_LIB_OBJS} ; ${RANLIB} $@'
MAN_FLAGS=''
OBJEXT='o'
PACKAGE_BUGREPORT=''
PACKAGE_NAME='tk'
PACKAGE_STRING='tk 8.6'
PACKAGE_TARNAME='tk'
PACKAGE_VERSION='8.6'
PATH_SEPARATOR=':'
PLAT_OBJS=''
PLAT_SRCS=''
PRIVATE_INCLUDE_DIR='$(includedir)'
RANLIB='ranlib'
REZ=''
REZ_FLAGS=''
SHELL='/bin/bash'
SHLIB_CFLAGS='-fPIC'
SHLIB_LD='${CC} -shared ${CFLAGS} ${LDFLAGS}'
SHLIB_LD_LIBS='${LIBS} ${TCL_STUB_LIB_SPEC}'
SHLIB_SUFFIX='.so'
STLIB_LD='${AR} cr'
TCLSH_PROG='/usr/local/bin/tclsh8.6'
TCL_BIN_DIR='/windows/etudes/ECE/ING4/PPE/python/Q_learning/reinforcement_FollE/tcl8.6.6/unix'
TCL_LIBS='-ldl -lz  -lpthread -lieee -lm'
TCL_LIB_FILE='libtcl8.6.so'
TCL_LIB_FLAG='-ltcl8.6'
TCL_LIB_SPEC='-L/windows/etudes/ECE/ING4/PPE/python/Q_learning/reinforcement_FollE/tcl8.6.6/unix -ltcl8.6'
TCL_PATCH_LEVEL='.6'
TCL_SHLIB_LD_EXTRAS=''
TCL_SRC_DIR='/windows/etudes/ECE/ING4/PPE/python/Q_learning/reinforcement_FollE/tcl8.6.6'
TCL_STUB_FLAGS='-DUSE_TCL_STUBS'
TCL_STUB_LIB_FILE='libtclstub8.6.a'
TCL_STUB_LIB_FLAG='-ltclstub8.6'
TCL_STUB_LIB_SPEC='-L/windows/etudes/ECE/ING4/PPE/python/Q_learning/reinforcement_FollE/tcl8.6.6/unix -ltclstub8.6'
TCL_THREADS='1'
TCL_VERSION='8.6'
TK_BUILD_LIB_SPEC='-L/windows/etudes/ECE/ING4/PPE/python/Q_learning/reinforcement_FollE/tk8.6.6/unix -ltk8.6'
TK_BUILD_STUB_LIB_PATH='/windows/etudes/ECE/ING4/PPE/python/Q_learning/reinforcement_FollE/tk8.6.6/unix/libtkstub8.6.a'
TK_BUILD_STUB_LIB_SPEC='-L/windows/etudes/ECE/ING4/PPE/python/Q_learning/reinforcement_FollE/tk8.6.6/unix -ltkstub8.6'
TK_INCLUDE_SPEC='-I/usr/local/include'
TK_LIBRARY='$(prefix)/lib/tk$(VERSION)'
TK_LIB_FILE='libtk8.6.so'
TK_LIB_FLAG='-ltk8.6'
TK_LIB_SPEC='-L/usr/local/lib -ltk8.6'
TK_MAJOR_VERSION='8'
TK_MINOR_VERSION='6'
TK_PATCH_LEVEL='.6'
TK_PKG_DIR='tk$(VERSION)'
TK_RSRC_FILE='tk$(VERSION).rsrc'
TK_SHARED_BUILD='1'
TK_SHLIB_LD_EXTRAS=''
TK_SRC_DIR='/windows/etudes/ECE/ING4/PPE/python/Q_learning/reinforcement_FollE/tk8.6.6'
TK_STUB_LIB_FILE='libtkstub8.6.a'
TK_STUB_LIB_FLAG='-ltkstub8.6'
TK_STUB_LIB_PATH='/usr/local/lib/libtkstub8.6.a'
TK_STUB_LIB_SPEC='-L/usr/local/lib -ltkstub8.6'
TK_VERSION='8.6'
TK_WINDOWINGSYSTEM='X11'
TK_YEAR=''
UNIX_FONT_OBJS='tkUnixFont.o'
WISH_RSRC_FILE='wish$(VERSION).rsrc'
XFT_CFLAGS=''
XFT_LIBS=''
XINCLUDES=''
XLIBSW='-lX11'
ac_ct_AR='ar'
ac_ct_CC='gcc'
ac_ct_RANLIB='ranlib'
bindir='${exec_prefix}/bin'
build_alias=''
datadir='${prefix}/share'
exec_prefix='/usr/local'
host_alias=''
includedir='${prefix}/include'
infodir='${prefix}/info'
libdir='/usr/local/lib'
libexecdir='${exec_prefix}/libexec'
localstatedir='${prefix}/var'
mandir='${prefix}/man'
oldincludedir='/usr/include'
prefix='/usr/local'
program_transform_name='s,x,x,'
sbindir='${exec_prefix}/sbin'
sharedstatedir='${prefix}/com'
sysconfdir='${prefix}/etc'
target_alias=''

## ----------- ##
## confdefs.h. ##
## ----------- ##

#define HAVE_CAST_TO_UNION 1
#define HAVE_HIDDEN 1
#define HAVE_INTPTR_T 1
#define HAVE_INTTYPES_H 1
#define HAVE_MEMORY_H 1
#define HAVE_PTHREAD_ATFORK 1
#define HAVE_PTHREAD_ATTR_SETSTACKSIZE 1
#define HAVE_PW_GECOS 1
#define HAVE_STDINT_H 1
#define HAVE_STDLIB_H 1
#define HAVE_STRINGS_H 1
#define HAVE_STRING_H 1
#define HAVE_SYS_STAT_H 1
#define HAVE_SYS_TIME_H 1
#define HAVE_SYS_TYPES_H 1
#define HAVE_UINTPTR_T 1
#define HAVE_UNISTD_H 1
#define HAVE_XKBKEYCODETOKEYSYM 1
#define MODULE_SCOPE extern __attribute__((__visibility__("hidden")))
#define NDEBUG 1
#define PACKAGE_BUGREPORT ""
#define PACKAGE_NAME "tk"
#define PACKAGE_STRING "tk 8.6"
#define PACKAGE_TARNAME "tk"
#define PACKAGE_VERSION "8.6"
#define STDC_HEADERS 1
#define TCL_CFG_OPTIMIZED 1
#define TCL_SHLIB_EXT ".so"
#define TCL_THREADS 1
#define TCL_WIDE_INT_IS_LONG 1
#define TIME_WITH_SYS_TIME 1
#define USE_THREAD_ALLOC 1
#define XKEYCODETOKEYSYM_IS_DEPRECATED 1
#define _LARGEFILE64_SOURCE 1
#define _REENTRANT 1
#define _THREAD_SAFE 1

configure: exit 0
